134 : 2019-01-16 21:10:26,411 : INFO : telemetry.main : Attempt start. Configuration directory [/home/nathan/.azure].
134 : 2019-01-16 21:10:26,412 : INFO : telemetry.check : Positive: The /home/nathan/.azure/telemetry.txt does not exist.
134 : 2019-01-16 21:10:26,412 : DEBUG : telemetry.note : acquiring lock
134 : 2019-01-16 21:10:26,412 : DEBUG : telemetry.note : acquired lock
134 : 2019-01-16 21:10:26,412 : INFO : telemetry.note : Update the note mtime to 2019-01-16 21:10:26.412470
134 : 2019-01-16 21:10:26,412 : WARNING : telemetry.note : Fail to parse or read the timestamp 'N/A' in the note file. Set the last send time to minimal. Reason: not readable
134 : 2019-01-16 21:10:26,412 : INFO : telemetry.records : No cache to be uploaded.
134 : 2019-01-16 21:10:26,412 : INFO : telemetry.client : Accumulated 0 events. Flush the clients.
134 : 2019-01-16 21:10:26,413 : INFO : telemetry.note : Update the last send in note to 0001-01-01 00:00:00
134 : 2019-01-16 21:10:26,413 : INFO : telemetry.note : Update the note mtime to 2019-01-16 21:10:26.413277
169 : 2019-01-16 21:21:43,582 : INFO : telemetry.main : Attempt start. Configuration directory [/home/nathan/.azure].
169 : 2019-01-16 21:21:43,582 : INFO : telemetry.check : Returns Positive.
169 : 2019-01-16 21:21:43,582 : DEBUG : telemetry.note : acquiring lock
169 : 2019-01-16 21:21:43,583 : DEBUG : telemetry.note : acquired lock
169 : 2019-01-16 21:21:43,583 : INFO : telemetry.note : Update the note mtime to 2019-01-16 21:21:43.583193
169 : 2019-01-16 21:21:43,586 : WARNING : telemetry.note : Fail to parse or read the timestamp '1-01-01T00:00:00' in the note file. Set the last send time to minimal. Reason: time data '1-01-01T00:00:00' does not match format '%Y-%m-%dT%H:%M:%S'
169 : 2019-01-16 21:21:43,586 : INFO : telemetry.records : No cache to be uploaded.
169 : 2019-01-16 21:21:43,586 : INFO : telemetry.client : Accumulated 0 events. Flush the clients.
169 : 2019-01-16 21:21:43,586 : INFO : telemetry.note : Update the last send in note to 0001-01-01 00:00:00
169 : 2019-01-16 21:21:43,586 : INFO : telemetry.note : Update the note mtime to 2019-01-16 21:21:43.586691
191 : 2019-01-16 21:31:59,994 : INFO : telemetry.main : Attempt start. Configuration directory [/home/nathan/.azure].
191 : 2019-01-16 21:31:59,994 : INFO : telemetry.check : Returns Positive.
191 : 2019-01-16 21:31:59,994 : DEBUG : telemetry.note : acquiring lock
191 : 2019-01-16 21:31:59,994 : DEBUG : telemetry.note : acquired lock
191 : 2019-01-16 21:31:59,994 : INFO : telemetry.note : Update the note mtime to 2019-01-16 21:31:59.994955
191 : 2019-01-16 21:31:59,997 : WARNING : telemetry.note : Fail to parse or read the timestamp '1-01-01T00:00:00' in the note file. Set the last send time to minimal. Reason: time data '1-01-01T00:00:00' does not match format '%Y-%m-%dT%H:%M:%S'
191 : 2019-01-16 21:31:59,997 : INFO : telemetry.records : No cache to be uploaded.
191 : 2019-01-16 21:31:59,998 : INFO : telemetry.client : Accumulated 0 events. Flush the clients.
191 : 2019-01-16 21:31:59,998 : INFO : telemetry.note : Update the last send in note to 0001-01-01 00:00:00
191 : 2019-01-16 21:31:59,998 : INFO : telemetry.note : Update the note mtime to 2019-01-16 21:31:59.998429
200 : 2019-01-16 21:42:05,749 : INFO : telemetry.main : Attempt start. Configuration directory [/home/nathan/.azure].
200 : 2019-01-16 21:42:05,749 : INFO : telemetry.check : Returns Positive.
200 : 2019-01-16 21:42:05,749 : DEBUG : telemetry.note : acquiring lock
200 : 2019-01-16 21:42:05,750 : DEBUG : telemetry.note : acquired lock
200 : 2019-01-16 21:42:05,750 : INFO : telemetry.note : Update the note mtime to 2019-01-16 21:42:05.750114
200 : 2019-01-16 21:42:05,753 : WARNING : telemetry.note : Fail to parse or read the timestamp '1-01-01T00:00:00' in the note file. Set the last send time to minimal. Reason: time data '1-01-01T00:00:00' does not match format '%Y-%m-%dT%H:%M:%S'
200 : 2019-01-16 21:42:05,754 : INFO : telemetry.records : No cache to be uploaded.
200 : 2019-01-16 21:42:05,754 : INFO : telemetry.client : Accumulated 0 events. Flush the clients.
200 : 2019-01-16 21:42:05,754 : INFO : telemetry.note : Update the last send in note to 0001-01-01 00:00:00
200 : 2019-01-16 21:42:05,754 : INFO : telemetry.note : Update the note mtime to 2019-01-16 21:42:05.754594
214 : 2019-01-16 22:01:52,226 : INFO : telemetry.main : Attempt start. Configuration directory [/home/nathan/.azure].
214 : 2019-01-16 22:01:52,227 : INFO : telemetry.check : Returns Positive.
214 : 2019-01-16 22:01:52,227 : DEBUG : telemetry.note : acquiring lock
214 : 2019-01-16 22:01:52,228 : DEBUG : telemetry.note : acquired lock
214 : 2019-01-16 22:01:52,228 : INFO : telemetry.note : Update the note mtime to 2019-01-16 22:01:52.228176
214 : 2019-01-16 22:01:52,230 : WARNING : telemetry.note : Fail to parse or read the timestamp '1-01-01T00:00:00' in the note file. Set the last send time to minimal. Reason: time data '1-01-01T00:00:00' does not match format '%Y-%m-%dT%H:%M:%S'
214 : 2019-01-16 22:01:52,231 : INFO : telemetry.records : No cache to be uploaded.
214 : 2019-01-16 22:01:52,231 : INFO : telemetry.client : Accumulated 0 events. Flush the clients.
214 : 2019-01-16 22:01:52,231 : INFO : telemetry.note : Update the last send in note to 0001-01-01 00:00:00
214 : 2019-01-16 22:01:52,231 : INFO : telemetry.note : Update the note mtime to 2019-01-16 22:01:52.231472
